<?xml version="1.0" encoding="UTF-8"?>
<!-- Generated by org.testng.reporters.JUnitXMLReporter -->
<testsuite ignored="0" hostname="DESKTOP-B17C4B1" failures="0" tests="16" name="Accounts Page Test_firefox" time="57.74" errors="0" timestamp="2023-12-18T15:57:36 GMT-06:00">
  <testcase classname="com.qa.opencart.test.AccountsPageTest" name="accountHeadersCountTest" time="0.176"/>
  <testcase classname="com.qa.opencart.test.AccountsPageTest" name="accountHeadersValueTest" time="0.156"/>
  <testcase classname="com.qa.opencart.test.AccountsPageTest" name="accountsPageTitleTest" time="0.047"/>
  <testcase classname="com.qa.opencart.test.AccountsPageTest" name="accountsPageURLTest" time="0.023"/>
  <testcase classname="com.qa.opencart.test.AccountsPageTest" name="logoutLinkExistsTest" time="0.44"/>
  <testcase classname="com.qa.opencart.test.AccountsPageTest" name="searchProductCountTest" time="3.1"/>
  <testcase classname="com.qa.opencart.test.AccountsPageTest" name="searchProductCountTest" time="1.912"/>
  <testcase classname="com.qa.opencart.test.AccountsPageTest" name="searchProductCountTest" time="1.812"/>
  <testcase classname="com.qa.opencart.test.AccountsPageTest" name="searchProductCountTest" time="1.874"/>
  <testcase classname="com.qa.opencart.test.AccountsPageTest" name="searchTextExistsTest" time="0.322"/>
  <testcase classname="com.qa.opencart.test.AccountsPageTest" name="selectProductTest" time="4.326"/>
  <testcase classname="com.qa.opencart.test.AccountsPageTest" name="selectProductTest" time="4.717"/>
  <testcase classname="com.qa.opencart.test.AccountsPageTest" name="selectProductTest" time="2.883"/>
  <testcase classname="com.qa.opencart.test.AccountsPageTest" name="selectProductTest" time="3.335"/>
  <testcase classname="com.qa.opencart.test.AccountsPageTest" name="selectProductTest" time="2.651"/>
  <testcase classname="com.qa.opencart.test.AccountsPageTest" name="selectProductTest" time="2.667"/>
</testsuite> <!-- Accounts Page Test_firefox -->
