<?xml version="1.0" encoding="UTF-8"?>
<!-- Generated by org.testng.reporters.JUnitXMLReporter -->
<testsuite ignored="0" hostname="DESKTOP-B17C4B1" failures="0" tests="16" name="Accounts Page Test_chrome" time="49.032" errors="0" timestamp="2023-12-07T13:28:46 GMT-06:00">
  <testcase classname="com.qa.opencart.test.AccountsPageTest" name="accountHeadersCountTest" time="0.313"/>
  <testcase classname="com.qa.opencart.test.AccountsPageTest" name="accountHeadersValueTest" time="0.132"/>
  <testcase classname="com.qa.opencart.test.AccountsPageTest" name="accountsPageTitleTest" time="0.06"/>
  <testcase classname="com.qa.opencart.test.AccountsPageTest" name="accountsPageURLTest" time="0.026"/>
  <testcase classname="com.qa.opencart.test.AccountsPageTest" name="logoutLinkExistsTest" time="0.306"/>
  <testcase classname="com.qa.opencart.test.AccountsPageTest" name="searchProductCountTest" time="1.666"/>
  <testcase classname="com.qa.opencart.test.AccountsPageTest" name="searchProductCountTest" time="1.656"/>
  <testcase classname="com.qa.opencart.test.AccountsPageTest" name="searchProductCountTest" time="1.998"/>
  <testcase classname="com.qa.opencart.test.AccountsPageTest" name="searchProductCountTest" time="2.484"/>
  <testcase classname="com.qa.opencart.test.AccountsPageTest" name="searchTextExistsTest" time="0.18"/>
  <testcase classname="com.qa.opencart.test.AccountsPageTest" name="selectProductTest" time="3.779"/>
  <testcase classname="com.qa.opencart.test.AccountsPageTest" name="selectProductTest" time="5.497"/>
  <testcase classname="com.qa.opencart.test.AccountsPageTest" name="selectProductTest" time="7.164"/>
  <testcase classname="com.qa.opencart.test.AccountsPageTest" name="selectProductTest" time="9.754"/>
  <testcase classname="com.qa.opencart.test.AccountsPageTest" name="selectProductTest" time="2.473"/>
  <testcase classname="com.qa.opencart.test.AccountsPageTest" name="selectProductTest" time="2.122"/>
</testsuite> <!-- Accounts Page Test_chrome -->
