<?xml version="1.0" encoding="UTF-8"?>
<!-- Generated by org.testng.reporters.JUnitXMLReporter -->
<testsuite ignored="0" hostname="DESKTOP-B17C4B1" failures="0" tests="4" name="Login Page Test_chrome_79.0" time="9.753" errors="0" timestamp="2023-12-18T17:57:20 GMT-06:00">
  <testcase classname="com.qa.opencart.test.LoginPageTest" name="loginPageTitleTest" time="0.252"/>
  <testcase classname="com.qa.opencart.test.LoginPageTest" name="loginPageURLTest" time="0.053"/>
  <testcase classname="com.qa.opencart.test.LoginPageTest" name="ForgotPasswordLinkExistsTest" time="0.176"/>
  <testcase classname="com.qa.opencart.test.LoginPageTest" name="loginTest" time="1.971"/>
</testsuite> <!-- Login Page Test_chrome_79.0 -->
