<?xml version="1.0" encoding="UTF-8"?>
<!-- Generated by org.testng.reporters.JUnitXMLReporter -->
<testsuite ignored="0" hostname="DESKTOP-B17C4B1" failures="0" tests="4" name="Login Page Test_edge" time="22.176" errors="0" timestamp="2023-12-18T15:57:02 GMT-06:00">
  <testcase classname="com.qa.opencart.test.LoginPageTest" name="loginPageTitleTest" time="0.332"/>
  <testcase classname="com.qa.opencart.test.LoginPageTest" name="loginPageURLTest" time="0.226"/>
  <testcase classname="com.qa.opencart.test.LoginPageTest" name="ForgotPasswordLinkExistsTest" time="1.002"/>
  <testcase classname="com.qa.opencart.test.LoginPageTest" name="loginTest" time="6.39"/>
</testsuite> <!-- Login Page Test_edge -->
