<?xml version="1.0" encoding="UTF-8"?>
<!-- Generated by org.testng.reporters.JUnitXMLReporter -->
<testsuite ignored="0" hostname="DESKTOP-B17C4B1" failures="0" tests="4" name="Login Page Test_firefox" time="29.577" errors="0" timestamp="2023-12-18T15:57:08 GMT-06:00">
  <testcase classname="com.qa.opencart.test.LoginPageTest" name="loginPageTitleTest" time="0.448"/>
  <testcase classname="com.qa.opencart.test.LoginPageTest" name="loginPageURLTest" time="0.199"/>
  <testcase classname="com.qa.opencart.test.LoginPageTest" name="ForgotPasswordLinkExistsTest" time="0.541"/>
  <testcase classname="com.qa.opencart.test.LoginPageTest" name="loginTest" time="2.478"/>
</testsuite> <!-- Login Page Test_firefox -->
