<?xml version="1.0" encoding="UTF-8"?>
<!-- Generated by org.testng.reporters.JUnitXMLReporter -->
<testsuite ignored="0" hostname="DESKTOP-B17C4B1" failures="0" tests="4" name="Login Page Test_chrome" time="13.512" errors="0" timestamp="2023-12-15T14:10:03 GMT-06:00">
  <testcase classname="com.qa.opencart.test.LoginPageTest" name="loginPageTitleTest" time="0.222"/>
  <testcase classname="com.qa.opencart.test.LoginPageTest" name="loginPageURLTest" time="0.12"/>
  <testcase classname="com.qa.opencart.test.LoginPageTest" name="ForgotPasswordLinkExistsTest" time="0.324"/>
  <testcase classname="com.qa.opencart.test.LoginPageTest" name="loginTest" time="4.793"/>
</testsuite> <!-- Login Page Test_chrome -->
