<?xml version="1.0" encoding="UTF-8"?>
<!-- Generated by org.testng.reporters.JUnitXMLReporter -->
<testsuite ignored="0" hostname="DESKTOP-B17C4B1" failures="0" tests="17" name="Product Info Page Test_chrome" time="62.065" errors="0" timestamp="2023-12-18T15:58:04 GMT-06:00">
  <testcase classname="com.qa.opencart.test.ProductInfoPageTest" name="addToCartTest" time="6.271"/>
  <testcase classname="com.qa.opencart.test.ProductInfoPageTest" name="addToCartTest" time="6.358"/>
  <testcase classname="com.qa.opencart.test.ProductInfoPageTest" name="addToCartTest" time="4.653"/>
  <testcase classname="com.qa.opencart.test.ProductInfoPageTest" name="addToCartTest" time="4.409"/>
  <testcase classname="com.qa.opencart.test.ProductInfoPageTest" name="addToCartTest" time="3.896"/>
  <testcase classname="com.qa.opencart.test.ProductInfoPageTest" name="productDescPresentTest" time="2.136"/>
  <testcase classname="com.qa.opencart.test.ProductInfoPageTest" name="productDescPresentTest" time="2.14"/>
  <testcase classname="com.qa.opencart.test.ProductInfoPageTest" name="productDescPresentTest" time="2.242"/>
  <testcase classname="com.qa.opencart.test.ProductInfoPageTest" name="productDescPresentTest" time="2.194"/>
  <testcase classname="com.qa.opencart.test.ProductInfoPageTest" name="productDescPresentTest" time="1.977"/>
  <testcase classname="com.qa.opencart.test.ProductInfoPageTest" name="productImagesCountTest" time="2.21"/>
  <testcase classname="com.qa.opencart.test.ProductInfoPageTest" name="productImagesCountTest" time="1.982"/>
  <testcase classname="com.qa.opencart.test.ProductInfoPageTest" name="productImagesCountTest" time="2.069"/>
  <testcase classname="com.qa.opencart.test.ProductInfoPageTest" name="productImagesCountTest" time="2.645"/>
  <testcase classname="com.qa.opencart.test.ProductInfoPageTest" name="productImagesCountTest" time="2.102"/>
  <testcase classname="com.qa.opencart.test.ProductInfoPageTest" name="productImagesCountTest" time="2.297"/>
  <testcase classname="com.qa.opencart.test.ProductInfoPageTest" name="productInfoTest" time="2.376"/>
</testsuite> <!-- Product Info Page Test_chrome -->
