<?xml version="1.0" encoding="UTF-8"?>
<!-- Generated by org.testng.reporters.JUnitXMLReporter -->
<testsuite ignored="0" hostname="DESKTOP-B17C4B1" failures="0" tests="17" name="Product Info Page Test_chrome_90.0" time="52.863" errors="0" timestamp="2023-12-18T17:58:02 GMT-06:00">
  <testcase classname="com.qa.opencart.test.ProductInfoPageTest" name="addToCartTest" time="5.728"/>
  <testcase classname="com.qa.opencart.test.ProductInfoPageTest" name="addToCartTest" time="3.381"/>
  <testcase classname="com.qa.opencart.test.ProductInfoPageTest" name="addToCartTest" time="3.429"/>
  <testcase classname="com.qa.opencart.test.ProductInfoPageTest" name="addToCartTest" time="3.265"/>
  <testcase classname="com.qa.opencart.test.ProductInfoPageTest" name="addToCartTest" time="3.347"/>
  <testcase classname="com.qa.opencart.test.ProductInfoPageTest" name="productDescPresentTest" time="2.022"/>
  <testcase classname="com.qa.opencart.test.ProductInfoPageTest" name="productDescPresentTest" time="1.948"/>
  <testcase classname="com.qa.opencart.test.ProductInfoPageTest" name="productDescPresentTest" time="1.988"/>
  <testcase classname="com.qa.opencart.test.ProductInfoPageTest" name="productDescPresentTest" time="1.983"/>
  <testcase classname="com.qa.opencart.test.ProductInfoPageTest" name="productDescPresentTest" time="1.913"/>
  <testcase classname="com.qa.opencart.test.ProductInfoPageTest" name="productImagesCountTest" time="2.114"/>
  <testcase classname="com.qa.opencart.test.ProductInfoPageTest" name="productImagesCountTest" time="1.958"/>
  <testcase classname="com.qa.opencart.test.ProductInfoPageTest" name="productImagesCountTest" time="2.076"/>
  <testcase classname="com.qa.opencart.test.ProductInfoPageTest" name="productImagesCountTest" time="2.534"/>
  <testcase classname="com.qa.opencart.test.ProductInfoPageTest" name="productImagesCountTest" time="1.84"/>
  <testcase classname="com.qa.opencart.test.ProductInfoPageTest" name="productImagesCountTest" time="2.126"/>
  <testcase classname="com.qa.opencart.test.ProductInfoPageTest" name="productInfoTest" time="2.258"/>
</testsuite> <!-- Product Info Page Test_chrome_90.0 -->
