<?xml version="1.0" encoding="UTF-8"?>
<!-- Generated by org.testng.reporters.JUnitXMLReporter -->
<testsuite ignored="0" hostname="DESKTOP-B17C4B1" failures="0" tests="3" name="Registration Page Test_chrome" time="49.557" errors="0" timestamp="2023-12-18T15:57:28 GMT-06:00">
  <testcase classname="com.qa.opencart.test.RegistrationPageTest" name="userRegistrationTest" time="13.47"/>
  <testcase classname="com.qa.opencart.test.RegistrationPageTest" name="userRegistrationTest" time="8.478"/>
  <testcase classname="com.qa.opencart.test.RegistrationPageTest" name="userRegistrationTest" time="9.977"/>
</testsuite> <!-- Registration Page Test_chrome -->
