<?xml version="1.0" encoding="UTF-8"?>
<!-- Generated by org.testng.reporters.JUnitXMLReporter -->
<testsuite ignored="0" hostname="DESKTOP-B17C4B1" failures="0" tests="4" name="Default test" time="7.798" errors="0" timestamp="2023-12-06T13:51:28 GMT-06:00">
  <testcase classname="com.qa.opncart.test.LoginPageTest" name="loginPageTitleTest" time="0.044"/>
  <testcase classname="com.qa.opncart.test.LoginPageTest" name="loginPageURLTest" time="0.019"/>
  <testcase classname="com.qa.opncart.test.LoginPageTest" name="ForgotPasswordLinkExistsTest" time="0.067"/>
  <testcase classname="com.qa.opncart.test.LoginPageTest" name="loginTest" time="1.583"/>
</testsuite> <!-- Default test -->
